0 info it worked if it ends with ok
1 verbose cli [ 'D:\\Program Files\\nodejs\\node.exe',
1 verbose cli   'D:\\Program Files\\nodejs\\node_modules\\npm\\bin\\npm-cli.js',
1 verbose cli   'run-script',
1 verbose cli   'gh' ]
2 info using npm@3.8.9
3 info using node@v6.2.0
4 verbose run-script [ 'pregh', 'gh', 'postgh' ]
5 info lifecycle beijingshishigongjiao@1.0.0~pregh: beijingshishigongjiao@1.0.0
6 silly lifecycle beijingshishigongjiao@1.0.0~pregh: no script for pregh, continuing
7 info lifecycle beijingshishigongjiao@1.0.0~gh: beijingshishigongjiao@1.0.0
8 verbose lifecycle beijingshishigongjiao@1.0.0~gh: unsafe-perm in lifecycle true
9 verbose lifecycle beijingshishigongjiao@1.0.0~gh: PATH: D:\Program Files\nodejs\node_modules\npm\bin\node-gyp-bin;E:\beijingshishigongjiao\node_modules\.bin;D:\Program Files\nodejs;C:\ProgramData\Oracle\Java\javapath;C:\WINDOWS\system32;C:\WINDOWS;C:\WINDOWS\System32\Wbem;"D:\Program Files\Java\jdk1.8.0_51";d:\Program Files\Git\cmd;D:\Program Files\nodejs\;%USERPROFILE%\.dnx\bin;C:\Program Files\Microsoft DNX\Dnvm\;C:\Program Files\Microsoft SQL Server\120\Tools\Binn\;C:\Program Files\Microsoft SQL Server\130\Tools\Binn\;d:\Program Files (x86)\Heroku\bin;C:\Program Files (x86)\git\cmd;d:\Ruby23-x64\bin;C:\Users\hjf\AppData\Local\Microsoft\WindowsApps;d:\Program Files (x86)\Microsoft VS Code Insiders\bin;C:\Users\hjf\AppData\Roaming\npm
10 verbose lifecycle beijingshishigongjiao@1.0.0~gh: CWD: E:\beijingshishigongjiao
11 silly lifecycle beijingshishigongjiao@1.0.0~gh: Args: [ '/d /s /c',
11 silly lifecycle   'git subtree push --prefix=web/dist origin gh-pages' ]
12 silly lifecycle beijingshishigongjiao@1.0.0~gh: Returned: code: 1  signal: null
13 info lifecycle beijingshishigongjiao@1.0.0~gh: Failed to exec gh script
14 verbose stack Error: beijingshishigongjiao@1.0.0 gh: `git subtree push --prefix=web/dist origin gh-pages`
14 verbose stack Exit status 1
14 verbose stack     at EventEmitter.<anonymous> (D:\Program Files\nodejs\node_modules\npm\lib\utils\lifecycle.js:245:16)
14 verbose stack     at emitTwo (events.js:106:13)
14 verbose stack     at EventEmitter.emit (events.js:191:7)
14 verbose stack     at ChildProcess.<anonymous> (D:\Program Files\nodejs\node_modules\npm\lib\utils\spawn.js:24:14)
14 verbose stack     at emitTwo (events.js:106:13)
14 verbose stack     at ChildProcess.emit (events.js:191:7)
14 verbose stack     at maybeClose (internal/child_process.js:850:16)
14 verbose stack     at Process.ChildProcess._handle.onexit (internal/child_process.js:215:5)
15 verbose pkgid beijingshishigongjiao@1.0.0
16 verbose cwd E:\beijingshishigongjiao
17 error Windows_NT 10.0.14393
18 error argv "D:\\Program Files\\nodejs\\node.exe" "D:\\Program Files\\nodejs\\node_modules\\npm\\bin\\npm-cli.js" "run-script" "gh"
19 error node v6.2.0
20 error npm  v3.8.9
21 error code ELIFECYCLE
22 error beijingshishigongjiao@1.0.0 gh: `git subtree push --prefix=web/dist origin gh-pages`
22 error Exit status 1
23 error Failed at the beijingshishigongjiao@1.0.0 gh script 'git subtree push --prefix=web/dist origin gh-pages'.
23 error Make sure you have the latest version of node.js and npm installed.
23 error If you do, this is most likely a problem with the beijingshishigongjiao package,
23 error not with npm itself.
23 error Tell the author that this fails on your system:
23 error     git subtree push --prefix=web/dist origin gh-pages
23 error You can get information on how to open an issue for this project with:
23 error     npm bugs beijingshishigongjiao
23 error Or if that isn't available, you can get their info via:
23 error     npm owner ls beijingshishigongjiao
23 error There is likely additional logging output above.
24 verbose exit [ 1, true ]
